[      69ms] [INFO] %cDownload the React DevTools for a better development experience: https://react.dev/link/react-devtools font-weight:bold @ http://localhost:5173/node_modules/.vite/deps/react-dom_client.js?v=5e0030aa:20102
[ 1849220ms] [LOG] [vite] server connection lost. Polling for restart... @ http://localhost:5173/@vite/client:963
[ 1849221ms] [ERROR] Failed to load resource: net::ERR_INCOMPLETE_CHUNKED_ENCODING @ http://localhost:5173/api/events/stream?token=eyJhbGciOiJIUzI1NiIsInR5cCI6IkpXVCJ9.eyJ1c2VySWQiOiJkMGEzZjRmMS01ZTdkLTQ2MjktYTkwMC0yOTZiYzQ0OTQxM2YiLCJyb2xlIjoiYWRtaW4iLCJpYXQiOjE3NzUxMTYwODYsImV4cCI6MTc3NTcyMDg4Nn0.FOFnDxGcprgxOnbqTHLDO_xnQaQ4LAG-VYQxyOZtEAE&projectId=e57b55e9-3925-4fb3-81fb-479117b9435d:0
[ 1849221ms] [ERROR] Failed to load resource: net::ERR_INCOMPLETE_CHUNKED_ENCODING @ http://localhost:5173/api/events/stream?token=eyJhbGciOiJIUzI1NiIsInR5cCI6IkpXVCJ9.eyJ1c2VySWQiOiJkMGEzZjRmMS01ZTdkLTQ2MjktYTkwMC0yOTZiYzQ0OTQxM2YiLCJyb2xlIjoiYWRtaW4iLCJpYXQiOjE3NzUxMTYwODYsImV4cCI6MTc3NTcyMDg4Nn0.FOFnDxGcprgxOnbqTHLDO_xnQaQ4LAG-VYQxyOZtEAE:0
[ 1849222ms] [ERROR] WebSocket connection to 'ws://localhost:5173/' failed: Error in connection establishment: net::ERR_CONNECTION_REFUSED @ http://localhost:5173/@vite/client:1034
[ 1850226ms] [ERROR] WebSocket connection to 'ws://localhost:5173/' failed: Error in connection establishment: net::ERR_CONNECTION_REFUSED @ http://localhost:5173/@vite/client:1034
[ 1851229ms] [ERROR] WebSocket connection to 'ws://localhost:5173/' failed: Error in connection establishment: net::ERR_CONNECTION_REFUSED @ http://localhost:5173/@vite/client:1034
[ 1852228ms] [ERROR] Failed to load resource: net::ERR_CONNECTION_REFUSED @ http://localhost:5173/api/events/stream?token=eyJhbGciOiJIUzI1NiIsInR5cCI6IkpXVCJ9.eyJ1c2VySWQiOiJkMGEzZjRmMS01ZTdkLTQ2MjktYTkwMC0yOTZiYzQ0OTQxM2YiLCJyb2xlIjoiYWRtaW4iLCJpYXQiOjE3NzUxMTYwODYsImV4cCI6MTc3NTcyMDg4Nn0.FOFnDxGcprgxOnbqTHLDO_xnQaQ4LAG-VYQxyOZtEAE&projectId=e57b55e9-3925-4fb3-81fb-479117b9435d:0
[ 1852228ms] [ERROR] Failed to load resource: net::ERR_CONNECTION_REFUSED @ http://localhost:5173/api/events/stream?token=eyJhbGciOiJIUzI1NiIsInR5cCI6IkpXVCJ9.eyJ1c2VySWQiOiJkMGEzZjRmMS01ZTdkLTQ2MjktYTkwMC0yOTZiYzQ0OTQxM2YiLCJyb2xlIjoiYWRtaW4iLCJpYXQiOjE3NzUxMTYwODYsImV4cCI6MTc3NTcyMDg4Nn0.FOFnDxGcprgxOnbqTHLDO_xnQaQ4LAG-VYQxyOZtEAE:0
[ 1852232ms] [ERROR] WebSocket connection to 'ws://localhost:5173/' failed: Error in connection establishment: net::ERR_CONNECTION_REFUSED @ http://localhost:5173/@vite/client:1034
[ 1853235ms] [ERROR] WebSocket connection to 'ws://localhost:5173/' failed: Error in connection establishment: net::ERR_CONNECTION_REFUSED @ http://localhost:5173/@vite/client:1034
[ 1854241ms] [ERROR] WebSocket connection to 'ws://localhost:5173/' failed: Error in connection establishment: net::ERR_CONNECTION_REFUSED @ http://localhost:5173/@vite/client:1034
[ 1855233ms] [ERROR] Failed to load resource: net::ERR_CONNECTION_REFUSED @ http://localhost:5173/api/events/stream?token=eyJhbGciOiJIUzI1NiIsInR5cCI6IkpXVCJ9.eyJ1c2VySWQiOiJkMGEzZjRmMS01ZTdkLTQ2MjktYTkwMC0yOTZiYzQ0OTQxM2YiLCJyb2xlIjoiYWRtaW4iLCJpYXQiOjE3NzUxMTYwODYsImV4cCI6MTc3NTcyMDg4Nn0.FOFnDxGcprgxOnbqTHLDO_xnQaQ4LAG-VYQxyOZtEAE&projectId=e57b55e9-3925-4fb3-81fb-479117b9435d:0
[ 1855233ms] [ERROR] Failed to load resource: net::ERR_CONNECTION_REFUSED @ http://localhost:5173/api/events/stream?token=eyJhbGciOiJIUzI1NiIsInR5cCI6IkpXVCJ9.eyJ1c2VySWQiOiJkMGEzZjRmMS01ZTdkLTQ2MjktYTkwMC0yOTZiYzQ0OTQxM2YiLCJyb2xlIjoiYWRtaW4iLCJpYXQiOjE3NzUxMTYwODYsImV4cCI6MTc3NTcyMDg4Nn0.FOFnDxGcprgxOnbqTHLDO_xnQaQ4LAG-VYQxyOZtEAE:0
[ 1855248ms] [ERROR] WebSocket connection to 'ws://localhost:5173/' failed: Error in connection establishment: net::ERR_CONNECTION_REFUSED @ http://localhost:5173/@vite/client:1034
[ 1856262ms] [ERROR] WebSocket connection to 'ws://localhost:5173/' failed: Error in connection establishment: net::ERR_CONNECTION_REFUSED @ http://localhost:5173/@vite/client:1034
[ 1857279ms] [ERROR] WebSocket connection to 'ws://localhost:5173/' failed: Error in connection establishment: net::ERR_CONNECTION_REFUSED @ http://localhost:5173/@vite/client:1034
[ 1858236ms] [ERROR] Failed to load resource: net::ERR_CONNECTION_REFUSED @ http://localhost:5173/api/events/stream?token=eyJhbGciOiJIUzI1NiIsInR5cCI6IkpXVCJ9.eyJ1c2VySWQiOiJkMGEzZjRmMS01ZTdkLTQ2MjktYTkwMC0yOTZiYzQ0OTQxM2YiLCJyb2xlIjoiYWRtaW4iLCJpYXQiOjE3NzUxMTYwODYsImV4cCI6MTc3NTcyMDg4Nn0.FOFnDxGcprgxOnbqTHLDO_xnQaQ4LAG-VYQxyOZtEAE&projectId=e57b55e9-3925-4fb3-81fb-479117b9435d:0
[ 1858236ms] [ERROR] Failed to load resource: net::ERR_CONNECTION_REFUSED @ http://localhost:5173/api/events/stream?token=eyJhbGciOiJIUzI1NiIsInR5cCI6IkpXVCJ9.eyJ1c2VySWQiOiJkMGEzZjRmMS01ZTdkLTQ2MjktYTkwMC0yOTZiYzQ0OTQxM2YiLCJyb2xlIjoiYWRtaW4iLCJpYXQiOjE3NzUxMTYwODYsImV4cCI6MTc3NTcyMDg4Nn0.FOFnDxGcprgxOnbqTHLDO_xnQaQ4LAG-VYQxyOZtEAE:0
[ 1858347ms] [ERROR] WebSocket connection to 'ws://localhost:5173/' failed: Error in connection establishment: net::ERR_CONNECTION_REFUSED @ http://localhost:5173/@vite/client:1034
[ 1859393ms] [ERROR] WebSocket connection to 'ws://localhost:5173/' failed: Error in connection establishment: net::ERR_CONNECTION_REFUSED @ http://localhost:5173/@vite/client:1034
[ 1860125ms] [ERROR] Failed to load resource: net::ERR_CONNECTION_REFUSED @ http://localhost:5173/api/projects/list:0
[ 1860686ms] [ERROR] WebSocket connection to 'ws://localhost:5173/' failed: Error in connection establishment: net::ERR_CONNECTION_REFUSED @ http://localhost:5173/@vite/client:1034
[ 1861253ms] [ERROR] Failed to load resource: the server responded with a status of 500 (Internal Server Error) @ http://localhost:5173/api/events/stream?token=eyJhbGciOiJIUzI1NiIsInR5cCI6IkpXVCJ9.eyJ1c2VySWQiOiJkMGEzZjRmMS01ZTdkLTQ2MjktYTkwMC0yOTZiYzQ0OTQxM2YiLCJyb2xlIjoiYWRtaW4iLCJpYXQiOjE3NzUxMTYwODYsImV4cCI6MTc3NTcyMDg4Nn0.FOFnDxGcprgxOnbqTHLDO_xnQaQ4LAG-VYQxyOZtEAE&projectId=e57b55e9-3925-4fb3-81fb-479117b9435d:0
[ 1861254ms] [ERROR] Failed to load resource: the server responded with a status of 500 (Internal Server Error) @ http://localhost:5173/api/events/stream?token=eyJhbGciOiJIUzI1NiIsInR5cCI6IkpXVCJ9.eyJ1c2VySWQiOiJkMGEzZjRmMS01ZTdkLTQ2MjktYTkwMC0yOTZiYzQ0OTQxM2YiLCJyb2xlIjoiYWRtaW4iLCJpYXQiOjE3NzUxMTYwODYsImV4cCI6MTc3NTcyMDg4Nn0.FOFnDxGcprgxOnbqTHLDO_xnQaQ4LAG-VYQxyOZtEAE:0
[ 1862642ms] [INFO] %cDownload the React DevTools for a better development experience: https://react.dev/link/react-devtools font-weight:bold @ http://localhost:5173/node_modules/.vite/deps/react-dom_client.js?v=5e0030aa:20102
